<?xml version="1.0" encoding="utf-8"?>
<beans xmlns="http://www.springframework.org/schema/beans"
       xmlns:xsi="http://www.w3.org/2001/XMLSchema-instance"
       xmlns:jee="http://www.springframework.org/schema/jee"
       xmlns:tx="http://www.springframework.org/schema/tx" xmlns:jdbc="http://www.springframework.org/schema/jdbc"
       xsi:schemaLocation="http://www.springframework.org/schema/beans
       http://www.springframework.org/schema/beans/spring-beans-3.1.xsd
       http://www.springframework.org/schema/jee
       http://www.springframework.org/schema/jee/spring-jee.xsd
       http://www.springframework.org/schema/tx
       http://www.springframework.org/schema/tx/spring-tx.xsd http://www.springframework.org/schema/jdbc http://www.springframework.org/schema/jdbc/spring-jdbc.xsd">

    <tx:annotation-driven transaction-manager="transactionManager"/>

    <!--<bean id="dataSource" class="org.apache.commons.dbcp.BasicDataSource" destroy-method="close">-->
        <!--<property name="driverClassName" value="com.mysql.jdbc.Driver"/>-->
        <!--<property name="url" value="jdbc:mysql://kot.noip.me:3306/languagelearndbtest"/>-->
        <!--<property name="username" value="vavilen"/>-->
        <!--<property name="password" value="harlavradok"/>-->
    <!--</bean>-->
    <bean id="dataSource" class="org.apache.commons.dbcp.BasicDataSource" >
        <property name="driverClassName" value="org.h2.Driver"/>
        <property name="url" value="jdbc:h2:mem:testdb;MODE=MySQL;DB_CLOSE_DELAY=-1;DB_CLOSE_ON_EXIT=FALSE" />
    </bean>

    <bean id="sessionFactory" class="org.springframework.orm.hibernate4.LocalSessionFactoryBean">
        <property name="dataSource" ref="dataSource"/>
        <property name="hibernateProperties">
            <props>
                <!-- SQL dialect -->
                <prop key="hibernate.dialect">org.hibernate.dialect.MySQL5Dialect</prop>

                <!-- Echo all executed SQL to stdout -->
                <prop key="hibernate.show_sql">true</prop>

                <!-- Drop and re-create the database schema on startup -->
                <!--<prop key="hibernate.hbm2ddl.auto">validate</prop>-->

                <!-- JDBC connection pool (use the built-in) -->
                <!--<prop key="hibernate.connection.pool_size">10</prop>-->
                <!--<prop key="hibernate.jdbc.use_get_generated_keys">true</prop>-->
                <!--<prop key="hibernate.jdbc.batch_size">50</prop>-->

                <!-- Enable Hibernate's automatic session context management -->
                <!--<prop key="hibernate.current_session_context_class">thread</prop>-->

                <!-- Disable the second-level cache -->
                <!--<prop key="hibernate.cache.provider_class">org.hibernate.cache.internal.NoCacheProvider</prop>-->
            </props>
        </property>
        <property name="packagesToScan" value="com.languagelearn.model"/>
    </bean>

    <jdbc:initialize-database data-source="dataSource">
        <jdbc:script location="classpath:sql/schema.sql"/>
        <jdbc:script location="classpath:sql/deal-data.sql"/>
    </jdbc:initialize-database>
    <!--<jdbc:embedded-database id="dataSource" type="">-->
        <!--<jdbc:script location="classpath:sql/schema.sql"/>-->
        <!--<jdbc:script location="classpath:sql/deal-data.sql"/>-->
    <!--</jdbc:embedded-database>-->

    <bean id="transactionManager" class="org.springframework.orm.hibernate4.HibernateTransactionManager">
        <property name="dataSource" ref="dataSource"/>
        <property name="sessionFactory" ref="sessionFactory"/>
    </bean>

    <!--<import resource="test-sql.xml"/>-->
</beans>