<beans xmlns="http://www.springframework.org/schema/beans"
       xmlns:xsi="http://www.w3.org/2001/XMLSchema-instance"
       xmlns:util="http://www.springframework.org/schema/util"
       xmlns:context="http://www.springframework.org/schema/context"
       xsi:schemaLocation="
        http://www.springframework.org/schema/beans     http://www.springframework.org/schema/beans/spring-beans-3.1.xsd
        http://www.springframework.org/schema/util     http://www.springframework.org/schema/util/spring-util-3.1.xsd
        http://www.springframework.org/schema/context http://www.springframework.org/schema/context/spring-context-3.1.xsd">

    <util:map id="testData" map-class="java.util.HashMap" key-type="com.showyourtrace.test.sql.SqlTestData"
              value-type="java.lang.String">
        <entry key="CREATE_DATABASE">
            <value>
                <![CDATA[

                ]]>
            </value>
        </entry>
        <entry key="DEAL_DDL">
            <value>
                <![CDATA[

                ]]>
            </value>
        </entry>
        <entry key="DEAL_DATA">
            <value>
                <![CDATA[

               ]]>
            </value>
        </entry>
    </util:map>
</beans>